# JRE version: OpenJDK Runtime Environment Temurin-17.0.6+10 (17.0.6+10) (build 17.0.6+10)
# Java VM: OpenJDK 64-Bit Server VM Temurin-17.0.6+10 (17.0.6+10, mixed mode, emulated-client, tiered, compressed oops, compressed class ptrs, g1 gc, windows-amd64)
GC Precious Log:
 CPUs: 2 total, 2 available
 Memory: 3918M
 Large Page Support: Disabled
 NUMA Support: Disabled
 Compressed Oops: Enabled (32-bit)
 Heap Region Size: 1M
 Heap Min Capacity: 8M
 Heap Initial Capacity: 62M
 Heap Max Capacity: 1G
 Pre-touch: Disabled
 Parallel Workers: 2
 Concurrent Workers: 1
 Concurrent Refinement Workers: 2
 Periodic GC: Disabled
Heap:
 garbage-first heap   total 48128K, used 14151K [0x00000000c0000000, 0x0000000100000000)
  region size 1024K, 1 young (1024K), 0 survivors (0K)
 Metaspace       used 34445K, committed 34880K, reserved 1081344K
  class space    used 4487K, committed 4672K, reserved 1048576K
GC Heap History (20 events):
Event: 1511.229 GC heap before
{Heap before GC invocations=112 (full 102):
 garbage-first heap   total 48128K, used 14151K [0x00000000c0000000, 0x0000000100000000)
  region size 1024K, 1 young (1024K), 0 survivors (0K)
 Metaspace       used 34445K, committed 34880K, reserved 1081344K
  class space    used 4487K, committed 4672K, reserved 1048576K
}
Event: 1511.253 GC heap after
{Heap after GC invocations=113 (full 103):
 garbage-first heap   total 48128K, used 14151K [0x00000000c0000000, 0x0000000100000000)
  region size 1024K, 0 young (0K), 0 survivors (0K)
 Metaspace       used 34445K, committed 34880K, reserved 1081344K
  class space    used 4487K, committed 4672K, reserved 1048576K
}
Event: 1521.490 GC heap before
{Heap before GC invocations=113 (full 103):
 garbage-first heap   total 48128K, used 14151K [0x00000000c0000000, 0x0000000100000000)
  region size 1024K, 1 young (1024K), 0 survivors (0K)
 Metaspace       used 34445K, committed 34880K, reserved 1081344K
  class space    used 4487K, committed 4672K, reserved 1048576K
}
Event: 1521.514 GC heap after
{Heap after GC invocations=114 (full 104):
 garbage-first heap   total 48128K, used 14151K [0x00000000c0000000, 0x0000000100000000)
  region size 1024K, 0 young (0K), 0 survivors (0K)
 Metaspace       used 34445K, committed 34880K, reserved 1081344K
  class space    used 4487K, committed 4672K, reserved 1048576K
}
Event: 1531.935 GC heap before
{Heap before GC invocations=114 (full 104):
 garbage-first heap   total 48128K, used 14151K [0x00000000c0000000, 0x0000000100000000)
  region size 1024K, 1 young (1024K), 0 survivors (0K)
 Metaspace       used 34445K, committed 34880K, reserved 1081344K
  class space    used 4487K, committed 4672K, reserved 1048576K
}
Event: 1531.961 GC heap after
{Heap after GC invocations=115 (full 105):
 garbage-first heap   total 48128K, used 14151K [0x00000000c0000000, 0x0000000100000000)
  region size 1024K, 0 young (0K), 0 survivors (0K)
 Metaspace       used 34445K, committed 34880K, reserved 1081344K
  class space    used 4487K, committed 4672K, reserved 1048576K
}
Event: 1542.419 GC heap before
{Heap before GC invocations=115 (full 105):
 garbage-first heap   total 48128K, used 14151K [0x00000000c0000000, 0x0000000100000000)
  region size 1024K, 1 young (1024K), 0 survivors (0K)
 Metaspace       used 34445K, committed 34880K, reserved 1081344K
  class space    used 4487K, committed 4672K, reserved 1048576K
}
Event: 1542.452 GC heap after
{Heap after GC invocations=116 (full 106):
 garbage-first heap   total 48128K, used 14151K [0x00000000c0000000, 0x0000000100000000)
  region size 1024K, 0 young (0K), 0 survivors (0K)
 Metaspace       used 34445K, committed 34880K, reserved 1081344K
  class space    used 4487K, committed 4672K, reserved 1048576K
}
Event: 1553.426 GC heap before
{Heap before GC invocations=116 (full 106):
 garbage-first heap   total 48128K, used 14151K [0x00000000c0000000, 0x0000000100000000)
  region size 1024K, 1 young (1024K), 0 survivors (0K)
 Metaspace       used 34445K, committed 34880K, reserved 1081344K
  class space    used 4487K, committed 4672K, reserved 1048576K
}
Event: 1553.457 GC heap after
{Heap after GC invocations=117 (full 107):
 garbage-first heap   total 48128K, used 14151K [0x00000000c0000000, 0x0000000100000000)
  region size 1024K, 0 young (0K), 0 survivors (0K)
 Metaspace       used 34445K, committed 34880K, reserved 1081344K
  class space    used 4487K, committed 4672K, reserved 1048576K
}
Event: 1569.420 GC heap before
{Heap before GC invocations=117 (full 107):
 garbage-first heap   total 48128K, used 14151K [0x00000000c0000000, 0x0000000100000000)
  region size 1024K, 1 young (1024K), 0 survivors (0K)
 Metaspace       used 34445K, committed 34880K, reserved 1081344K
  class space    used 4487K, committed 4672K, reserved 1048576K
}
Event: 1569.449 GC heap after
{Heap after GC invocations=118 (full 108):
 garbage-first heap   total 48128K, used 14151K [0x00000000c0000000, 0x0000000100000000)
  region size 1024K, 0 young (0K), 0 survivors (0K)
 Metaspace       used 34445K, committed 34880K, reserved 1081344K
  class space    used 4487K, committed 4672K, reserved 1048576K
}
Event: 1580.081 GC heap before
{Heap before GC invocations=118 (full 108):
 garbage-first heap   total 48128K, used 14151K [0x00000000c0000000, 0x0000000100000000)
  region size 1024K, 1 young (1024K), 0 survivors (0K)
 Metaspace       used 34445K, committed 34880K, reserved 1081344K
  class space    used 4487K, committed 4672K, reserved 1048576K
}
Event: 1580.110 GC heap after
{Heap after GC invocations=119 (full 109):
 garbage-first heap   total 48128K, used 14151K [0x00000000c0000000, 0x0000000100000000)
  region size 1024K, 0 young (0K), 0 survivors (0K)
 Metaspace       used 34445K, committed 34880K, reserved 1081344K
  class space    used 4487K, committed 4672K, reserved 1048576K
}
Event: 1590.499 GC heap before
{Heap before GC invocations=119 (full 109):
 garbage-first heap   total 48128K, used 14151K [0x00000000c0000000, 0x0000000100000000)
  region size 1024K, 1 young (1024K), 0 survivors (0K)
 Metaspace       used 34445K, committed 34880K, reserved 1081344K
  class space    used 4487K, committed 4672K, reserved 1048576K
}
Event: 1590.537 GC heap after
{Heap after GC invocations=120 (full 110):
 garbage-first heap   total 48128K, used 14151K [0x00000000c0000000, 0x0000000100000000)
  region size 1024K, 0 young (0K), 0 survivors (0K)
 Metaspace       used 34445K, committed 34880K, reserved 1081344K
  class space    used 4487K, committed 4672K, reserved 1048576K
}
Event: 1601.871 GC heap before
{Heap before GC invocations=120 (full 110):
 garbage-first heap   total 48128K, used 14151K [0x00000000c0000000, 0x0000000100000000)
  region size 1024K, 1 young (1024K), 0 survivors (0K)
 Metaspace       used 34445K, committed 34880K, reserved 1081344K
  class space    used 4487K, committed 4672K, reserved 1048576K
}
Event: 1601.905 GC heap after
{Heap after GC invocations=121 (full 111):
 garbage-first heap   total 48128K, used 14151K [0x00000000c0000000, 0x0000000100000000)
  region size 1024K, 0 young (0K), 0 survivors (0K)
 Metaspace       used 34445K, committed 34880K, reserved 1081344K
  class space    used 4487K, committed 4672K, reserved 1048576K
}
Event: 1614.467 GC heap before
{Heap before GC invocations=121 (full 111):
 garbage-first heap   total 48128K, used 14151K [0x00000000c0000000, 0x0000000100000000)
  region size 1024K, 1 young (1024K), 0 survivors (0K)
 Metaspace       used 34445K, committed 34880K, reserved 1081344K
  class space    used 4487K, committed 4672K, reserved 1048576K
}
Event: 1614.493 GC heap after
{Heap after GC invocations=122 (full 112):
 garbage-first heap   total 48128K, used 14151K [0x00000000c0000000, 0x0000000100000000)
  region size 1024K, 0 young (0K), 0 survivors (0K)
 Metaspace       used 34445K, committed 34880K, reserved 1081344K
  class space    used 4487K, committed 4672K, reserved 1048576K
}

