# JRE version: OpenJDK Runtime Environment Temurin-17.0.6+10 (17.0.6+10) (build 17.0.6+10)
# Java VM: OpenJDK 64-Bit Server VM Temurin-17.0.6+10 (17.0.6+10, mixed mode, emulated-client, tiered, compressed oops, compressed class ptrs, g1 gc, windows-amd64)
GC Precious Log:
 CPUs: 2 total, 2 available
 Memory: 3918M
 Large Page Support: Disabled
 NUMA Support: Disabled
 Compressed Oops: Enabled (32-bit)
 Heap Region Size: 1M
 Heap Min Capacity: 8M
 Heap Initial Capacity: 62M
 Heap Max Capacity: 1G
 Pre-touch: Disabled
 Parallel Workers: 2
 Concurrent Workers: 1
 Concurrent Refinement Workers: 2
 Periodic GC: Disabled
Heap:
 garbage-first heap   total 48128K, used 27126K [0x00000000c0000000, 0x0000000100000000)
  region size 1024K, 18 young (18432K), 3 survivors (3072K)
 Metaspace       used 28538K, committed 28864K, reserved 1081344K
  class space    used 3617K, committed 3776K, reserved 1048576K
GC Heap History (14 events):
Event: 1.171 GC heap before
{Heap before GC invocations=0 (full 0):
 garbage-first heap   total 63488K, used 5120K [0x00000000c0000000, 0x0000000100000000)
  region size 1024K, 6 young (6144K), 0 survivors (0K)
 Metaspace       used 4219K, committed 4352K, reserved 1056768K
  class space    used 405K, committed 512K, reserved 1048576K
}
Event: 1.184 GC heap after
{Heap after GC invocations=1 (full 0):
 garbage-first heap   total 63488K, used 4232K [0x00000000c0000000, 0x0000000100000000)
  region size 1024K, 1 young (1024K), 1 survivors (1024K)
 Metaspace       used 4219K, committed 4352K, reserved 1056768K
  class space    used 405K, committed 512K, reserved 1048576K
}
Event: 1.469 GC heap before
{Heap before GC invocations=1 (full 0):
 garbage-first heap   total 63488K, used 6280K [0x00000000c0000000, 0x0000000100000000)
  region size 1024K, 4 young (4096K), 1 survivors (1024K)
 Metaspace       used 4297K, committed 4480K, reserved 1056768K
  class space    used 415K, committed 512K, reserved 1048576K
}
Event: 1.471 GC heap after
{Heap after GC invocations=2 (full 0):
 garbage-first heap   total 63488K, used 5397K [0x00000000c0000000, 0x0000000100000000)
  region size 1024K, 1 young (1024K), 1 survivors (1024K)
 Metaspace       used 4297K, committed 4480K, reserved 1056768K
  class space    used 415K, committed 512K, reserved 1048576K
}
Event: 3.461 GC heap before
{Heap before GC invocations=2 (full 0):
 garbage-first heap   total 63488K, used 12565K [0x00000000c0000000, 0x0000000100000000)
  region size 1024K, 8 young (8192K), 1 survivors (1024K)
 Metaspace       used 7496K, committed 7680K, reserved 1056768K
  class space    used 788K, committed 896K, reserved 1048576K
}
Event: 3.468 GC heap after
{Heap after GC invocations=3 (full 0):
 garbage-first heap   total 63488K, used 7324K [0x00000000c0000000, 0x0000000100000000)
  region size 1024K, 1 young (1024K), 1 survivors (1024K)
 Metaspace       used 7496K, committed 7680K, reserved 1056768K
  class space    used 788K, committed 896K, reserved 1048576K
}
Event: 4.638 GC heap before
{Heap before GC invocations=3 (full 0):
 garbage-first heap   total 63488K, used 17564K [0x00000000c0000000, 0x0000000100000000)
  region size 1024K, 11 young (11264K), 1 survivors (1024K)
 Metaspace       used 10968K, committed 11136K, reserved 1064960K
  class space    used 1312K, committed 1408K, reserved 1048576K
}
Event: 4.643 GC heap after
{Heap after GC invocations=4 (full 0):
 garbage-first heap   total 63488K, used 8436K [0x00000000c0000000, 0x0000000100000000)
  region size 1024K, 2 young (2048K), 2 survivors (2048K)
 Metaspace       used 10968K, committed 11136K, reserved 1064960K
  class space    used 1312K, committed 1408K, reserved 1048576K
}
Event: 7.171 GC heap before
{Heap before GC invocations=4 (full 0):
 garbage-first heap   total 63488K, used 36084K [0x00000000c0000000, 0x0000000100000000)
  region size 1024K, 29 young (29696K), 2 survivors (2048K)
 Metaspace       used 17535K, committed 17792K, reserved 1064960K
  class space    used 2209K, committed 2304K, reserved 1048576K
}
Event: 7.183 GC heap after
{Heap after GC invocations=5 (full 0):
 garbage-first heap   total 63488K, used 11071K [0x00000000c0000000, 0x0000000100000000)
  region size 1024K, 4 young (4096K), 4 survivors (4096K)
 Metaspace       used 17535K, committed 17792K, reserved 1064960K
  class space    used 2209K, committed 2304K, reserved 1048576K
}
Event: 7.689 GC heap before
{Heap before GC invocations=5 (full 0):
 garbage-first heap   total 63488K, used 24383K [0x00000000c0000000, 0x0000000100000000)
  region size 1024K, 19 young (19456K), 4 survivors (4096K)
 Metaspace       used 21340K, committed 21504K, reserved 1073152K
  class space    used 2627K, committed 2688K, reserved 1048576K
}
Event: 7.715 GC heap after
{Heap after GC invocations=6 (full 0):
 garbage-first heap   total 63488K, used 12280K [0x00000000c0000000, 0x0000000100000000)
  region size 1024K, 2 young (2048K), 2 survivors (2048K)
 Metaspace       used 21340K, committed 21504K, reserved 1073152K
  class space    used 2627K, committed 2688K, reserved 1048576K
}
Event: 10.397 GC heap before
{Heap before GC invocations=7 (full 0):
 garbage-first heap   total 48128K, used 37880K [0x00000000c0000000, 0x0000000100000000)
  region size 1024K, 28 young (28672K), 2 survivors (2048K)
 Metaspace       used 25422K, committed 25664K, reserved 1073152K
  class space    used 3168K, committed 3328K, reserved 1048576K
}
Event: 10.407 GC heap after
{Heap after GC invocations=8 (full 0):
 garbage-first heap   total 48128K, used 13814K [0x00000000c0000000, 0x0000000100000000)
  region size 1024K, 3 young (3072K), 3 survivors (3072K)
 Metaspace       used 25422K, committed 25664K, reserved 1073152K
  class space    used 3168K, committed 3328K, reserved 1048576K
}

